<?xml version="1.0" encoding="UTF-8"?>
<!-- Generated by org.testng.reporters.JUnitReportReporter -->
<testsuite hostname="vedant" failures="0" tests="1" name="login_tests.UdemyLogin" time="8.481" errors="0" timestamp="27 Sep 2021 06:21:55 GMT" skipped="0">
  <testcase classname="login_tests.UdemyLogin" name="f" time="8.481"/>
</testsuite> <!-- login_tests.UdemyLogin -->
