<?xml version="1.0" encoding="UTF-8"?>
<!-- Generated by org.testng.reporters.JUnitReportReporter -->
<testsuite hostname="vedant" failures="0" tests="1" name="login_tests.UdemyLogin" time="4.128" errors="0" timestamp="27 Sep 2021 06:23:50 GMT" skipped="0">
  <testcase classname="login_tests.UdemyLogin" name="f" time="4.128"/>
</testsuite> <!-- login_tests.UdemyLogin -->
