<?xml version="1.0" encoding="UTF-8"?>
<!-- Generated by org.testng.reporters.JUnitReportReporter -->
<testsuite hostname="vedant" failures="0" tests="2" name="login_tests.AppTest" time="0.039" errors="0" timestamp="27 Sep 2021 08:58:51 GMT" skipped="0">
  <testcase classname="login_tests.AppTest" name="invalidLogin" time="0.039"/>
  <testcase classname="login_tests.AppTest" name="validLogin" time="0.000"/>
</testsuite> <!-- login_tests.AppTest -->
