<?xml version="1.0" encoding="UTF-8"?>
<!-- Generated by org.testng.reporters.JUnitReportReporter -->
<testsuite hostname="vedant" failures="0" tests="1" name="login_tests.UdemyLogin" time="5.135" errors="0" timestamp="27 Sep 2021 07:03:15 GMT" skipped="0">
  <testcase classname="login_tests.UdemyLogin" name="f" time="5.135"/>
</testsuite> <!-- login_tests.UdemyLogin -->
